<?xml version="1.0" encoding="UTF-8"?>
<testsuite name="de.tomgrill.gdxtesting.examples.AssetsTest" tests="7" skipped="0" failures="1" errors="0" timestamp="2022-03-17T23:53:09" hostname="arch" time="0.1">
  <properties/>
  <testcase name="powerupTexturesExist" classname="de.tomgrill.gdxtesting.examples.AssetsTest" time="0.01"/>
  <testcase name="tileTexturesExist" classname="de.tomgrill.gdxtesting.examples.AssetsTest" time="0.001"/>
  <testcase name="entityTexturesExist" classname="de.tomgrill.gdxtesting.examples.AssetsTest" time="0.001"/>
  <testcase name="rainTexturesExist" classname="de.tomgrill.gdxtesting.examples.AssetsTest" time="0.005"/>
  <testcase name="uiTexturesExist" classname="de.tomgrill.gdxtesting.examples.AssetsTest" time="0.001"/>
  <testcase name="musicExists" classname="de.tomgrill.gdxtesting.examples.AssetsTest" time="0.001"/>
  <testcase name="soundEffectsExist" classname="de.tomgrill.gdxtesting.examples.AssetsTest" time="0.002">
    <failure message="java.lang.AssertionError: the file ocean.wav does not exist" type="java.lang.AssertionError">java.lang.AssertionError: the file ocean.wav does not exist
	at org.junit.Assert.fail(Assert.java:89)
	at org.junit.Assert.assertTrue(Assert.java:42)
	at de.tomgrill.gdxtesting.examples.AssetsTest.soundEffectsExist(AssetsTest.java:116)
	at java.base/jdk.internal.reflect.NativeMethodAccessorImpl.invoke0(Native Method)
	at java.base/jdk.internal.reflect.NativeMethodAccessorImpl.invoke(NativeMethodAccessorImpl.java:62)
	at java.base/jdk.internal.reflect.DelegatingMethodAccessorImpl.invoke(DelegatingMethodAccessorImpl.java:43)
	at java.base/java.lang.reflect.Method.invoke(Method.java:566)
	at org.junit.runners.model.FrameworkMethod$1.runReflectiveCall(FrameworkMethod.java:59)
	at org.junit.internal.runners.model.ReflectiveCallable.run(ReflectiveCallable.java:12)
	at org.junit.runners.model.FrameworkMethod.invokeExplosively(FrameworkMethod.java:56)
	at org.junit.internal.runners.statements.InvokeMethod.evaluate(InvokeMethod.java:17)
	at org.junit.runners.ParentRunner$3.evaluate(ParentRunner.java:306)
	at org.junit.runners.BlockJUnit4ClassRunner$1.evaluate(BlockJUnit4ClassRunner.java:100)
	at org.junit.runners.ParentRunner.runLeaf(ParentRunner.java:366)
	at org.junit.runners.BlockJUnit4ClassRunner.runChild(BlockJUnit4ClassRunner.java:103)
	at de.tomgrill.gdxtesting.GdxTestRunner.render(GdxTestRunner.java:59)
	at com.badlogic.gdx.backends.headless.HeadlessApplication.mainLoop(HeadlessApplication.java:128)
	at com.badlogic.gdx.backends.headless.HeadlessApplication$1.run(HeadlessApplication.java:94)
</failure>
  </testcase>
  <system-out><![CDATA[]]></system-out>
  <system-err><![CDATA[]]></system-err>
</testsuite>
