<?xml version="1.0" encoding="UTF-8"?>
<testsuite name="de.tomgrill.gdxtesting.examples.AssetsTest" tests="7" skipped="0" failures="0" errors="0" timestamp="2022-03-18T00:24:10" hostname="arch" time="0.099">
  <properties/>
  <testcase name="powerupTexturesExist" classname="de.tomgrill.gdxtesting.examples.AssetsTest" time="0.01"/>
  <testcase name="tileTexturesExist" classname="de.tomgrill.gdxtesting.examples.AssetsTest" time="0.001"/>
  <testcase name="entityTexturesExist" classname="de.tomgrill.gdxtesting.examples.AssetsTest" time="0.001"/>
  <testcase name="rainTexturesExist" classname="de.tomgrill.gdxtesting.examples.AssetsTest" time="0.005"/>
  <testcase name="uiTexturesExist" classname="de.tomgrill.gdxtesting.examples.AssetsTest" time="0.001"/>
  <testcase name="musicExists" classname="de.tomgrill.gdxtesting.examples.AssetsTest" time="0.0"/>
  <testcase name="soundEffectsExist" classname="de.tomgrill.gdxtesting.examples.AssetsTest" time="0.001"/>
  <system-out><![CDATA[]]></system-out>
  <system-err><![CDATA[]]></system-err>
</testsuite>
