<?xml version="1.0" encoding="UTF-8"?>
<testsuite name="de.tomgrill.gdxtesting.examples.TestSetupTest" tests="1" skipped="0" failures="0" errors="0" timestamp="2022-03-17T23:53:09" hostname="arch" time="0.0">
  <properties/>
  <testcase name="alwaysPasses" classname="de.tomgrill.gdxtesting.examples.TestSetupTest" time="0.0"/>
  <system-out><![CDATA[]]></system-out>
  <system-err><![CDATA[]]></system-err>
</testsuite>
